{
  "stats": {
    "suites": 1,
    "tests": 3,
    "passes": 3,
    "pending": 0,
    "failures": 0,
    "start": "2025-02-24T14:37:23.487Z",
    "end": "2025-02-24T14:37:26.958Z",
    "duration": 3471,
    "testsRegistered": 3,
    "passPercent": 100,
    "pendingPercent": 0,
    "other": 0,
    "hasOther": false,
    "skipped": 0,
    "hasSkipped": false
  },
  "results": [
    {
      "uuid": "1d9e409c-dac5-4d52-8917-57134bce94a3",
      "title": "",
      "fullFile": "cypress\\e2e\\home.cy.js",
      "file": "cypress\\e2e\\home.cy.js",
      "beforeHooks": [],
      "afterHooks": [],
      "tests": [],
      "suites": [
        {
          "uuid": "c8a07f8d-1ed6-4742-a0b7-395618f76e03",
          "title": "Verificando elementos na home",
          "fullFile": "",
          "file": "",
          "beforeHooks": [],
          "afterHooks": [],
          "tests": [
            {
              "title": "Deve verificar se há título \"AdoPet\" ",
              "fullTitle": "Verificando elementos na home Deve verificar se há título \"AdoPet\" ",
              "timedOut": null,
              "duration": 733,
              "state": "passed",
              "speed": "fast",
              "pass": true,
              "fail": false,
              "pending": false,
              "context": null,
              "code": "cy.title().should('eq', 'AdoPet');",
              "err": {},
              "uuid": "59a7e48b-c5ec-430d-8332-f8df6543700e",
              "parentUUID": "c8a07f8d-1ed6-4742-a0b7-395618f76e03",
              "isHook": false,
              "skipped": false
            },
            {
              "title": "Deve verificar há texto \"quem ama adota\" ",
              "fullTitle": "Verificando elementos na home Deve verificar há texto \"quem ama adota\" ",
              "timedOut": null,
              "duration": 219,
              "state": "passed",
              "speed": "fast",
              "pass": true,
              "fail": false,
              "pending": false,
              "context": null,
              "code": "cy.contains('p', 'Quem ama adota!').should('be.visible');",
              "err": {},
              "uuid": "d9ea2972-2b76-425f-a5f1-198a0ef4d4a5",
              "parentUUID": "c8a07f8d-1ed6-4742-a0b7-395618f76e03",
              "isHook": false,
              "skipped": false
            },
            {
              "title": "Deve verificar há texto \" \" ",
              "fullTitle": "Verificando elementos na home Deve verificar há texto \" \" ",
              "timedOut": null,
              "duration": 169,
              "state": "passed",
              "speed": "fast",
              "pass": true,
              "fail": false,
              "pending": false,
              "context": null,
              "code": "cy.contains('p', 'Adotar pode mudar uma vida. Que tal buscar seu novo melhor amigo hoje? Vem com a gente!').should('be.visible');",
              "err": {},
              "uuid": "b74b7df3-fe02-489a-98fa-6d0f48c06371",
              "parentUUID": "c8a07f8d-1ed6-4742-a0b7-395618f76e03",
              "isHook": false,
              "skipped": false
            }
          ],
          "suites": [],
          "passes": [
            "59a7e48b-c5ec-430d-8332-f8df6543700e",
            "d9ea2972-2b76-425f-a5f1-198a0ef4d4a5",
            "b74b7df3-fe02-489a-98fa-6d0f48c06371"
          ],
          "failures": [],
          "pending": [],
          "skipped": [],
          "duration": 1121,
          "root": false,
          "rootEmpty": false,
          "_timeout": 2000
        }
      ],
      "passes": [],
      "failures": [],
      "pending": [],
      "skipped": [],
      "duration": 0,
      "root": true,
      "rootEmpty": true,
      "_timeout": 2000
    }
  ],
  "meta": {
    "mocha": {
      "version": "7.0.1"
    },
    "mochawesome": {
      "options": {
        "quiet": false,
        "reportFilename": "mochawesome",
        "saveHtml": true,
        "saveJson": true,
        "consoleReporter": "spec",
        "useInlineDiffs": false,
        "code": true
      },
      "version": "7.1.3"
    },
    "marge": {
      "options": {
        "reportDir": "cypress/results",
        "overwrite": false,
        "html": true,
        "json": true,
        "timestamp": "mmddyyyy_HHMMss"
      },
      "version": "6.2.0"
    }
  }
}