{
  "stats": {
    "suites": 1,
    "tests": 2,
    "passes": 2,
    "pending": 0,
    "failures": 0,
    "start": "2025-02-24T14:37:30.451Z",
    "end": "2025-02-24T14:37:35.604Z",
    "duration": 5153,
    "testsRegistered": 2,
    "passPercent": 100,
    "pendingPercent": 0,
    "other": 0,
    "hasOther": false,
    "skipped": 0,
    "hasSkipped": false
  },
  "results": [
    {
      "uuid": "efaa07c6-c02f-4c17-abd8-5ac3374fa3bb",
      "title": "",
      "fullFile": "cypress\\e2e\\login-incorreto.cy.js",
      "file": "cypress\\e2e\\login-incorreto.cy.js",
      "beforeHooks": [],
      "afterHooks": [],
      "tests": [],
      "suites": [
        {
          "uuid": "66b0726a-5c70-49f0-8a1a-1f5a0320b5f9",
          "title": "Falha no login",
          "fullFile": "",
          "file": "",
          "beforeHooks": [],
          "afterHooks": [],
          "tests": [
            {
              "title": "Campos vázios",
              "fullTitle": "Falha no login Campos vázios",
              "timedOut": null,
              "duration": 1233,
              "state": "passed",
              "speed": "fast",
              "pass": true,
              "fail": false,
              "pending": false,
              "context": null,
              "code": "/*Clicando no botão*/\ncy.get('[data-test=\"submit-button\"]').click();\n/*Resultado esperados*/\ncy.contains('É necessário informar um endereço de email').should('be.visible');\ncy.contains('Insira sua senha').should('be.visible');",
              "err": {},
              "uuid": "1bebaf88-4d10-4ea9-a8dc-2773ed5b8432",
              "parentUUID": "66b0726a-5c70-49f0-8a1a-1f5a0320b5f9",
              "isHook": false,
              "skipped": false
            },
            {
              "title": "Credenciais inválidas",
              "fullTitle": "Falha no login Credenciais inválidas",
              "timedOut": null,
              "duration": 1603,
              "state": "passed",
              "speed": "fast",
              "pass": true,
              "fail": false,
              "pending": false,
              "context": null,
              "code": "/*Preenchendo campos*/\ncy.get('[data-test=\"input-loginEmail\"]').type('aleatosudomde');\ncy.get('[data-test=\"input-loginPassword\"]').type('jieownje');\n/*Clicando no botão*/\ncy.get('[data-test=\"submit-button\"]').click();\n/*Resultado esperados*/\ncy.contains('Por favor, verifique o email digitado').should('be.visible');\ncy.contains('A senha deve conter pelo menos uma letra maiúscula, um número e ter entre 6 e 15 caracteres').should('be.visible');",
              "err": {},
              "uuid": "38ea194d-a608-4f88-b66f-861b8a315119",
              "parentUUID": "66b0726a-5c70-49f0-8a1a-1f5a0320b5f9",
              "isHook": false,
              "skipped": false
            }
          ],
          "suites": [],
          "passes": [
            "1bebaf88-4d10-4ea9-a8dc-2773ed5b8432",
            "38ea194d-a608-4f88-b66f-861b8a315119"
          ],
          "failures": [],
          "pending": [],
          "skipped": [],
          "duration": 2836,
          "root": false,
          "rootEmpty": false,
          "_timeout": 2000
        }
      ],
      "passes": [],
      "failures": [],
      "pending": [],
      "skipped": [],
      "duration": 0,
      "root": true,
      "rootEmpty": true,
      "_timeout": 2000
    }
  ],
  "meta": {
    "mocha": {
      "version": "7.0.1"
    },
    "mochawesome": {
      "options": {
        "quiet": false,
        "reportFilename": "mochawesome",
        "saveHtml": true,
        "saveJson": true,
        "consoleReporter": "spec",
        "useInlineDiffs": false,
        "code": true
      },
      "version": "7.1.3"
    },
    "marge": {
      "options": {
        "reportDir": "cypress/results",
        "overwrite": false,
        "html": true,
        "json": true,
        "timestamp": "mmddyyyy_HHMMss"
      },
      "version": "6.2.0"
    }
  }
}